#
# A fatal error has been detected by the Java Runtime Environment:
#
#  SIGILL (0x4) at pc=0x00007fffc05dabde, pid=4913, tid=515
#
# JRE version: Java(TM) SE Runtime Environment (8.0_77-b03) (build 1.8.0_77-b03)
# Java VM: Java HotSpot(TM) 64-Bit Server VM (25.77-b03 mixed mode bsd-amd64 compressed oops)
# Problematic frame:
# C  [libsystem_platform.dylib+0x5bde]  _os_unfair_lock_corruption_abort+0x17
#
# Failed to write core dump. Core dumps have been disabled. To enable core dumping, try "ulimit -c unlimited" before starting Java again
#
# If you would like to submit a bug report, please visit:
#   http://bugreport.java.com/bugreport/crash.jsp
# The crash happened outside the Java Virtual Machine in native code.
# See problematic frame for where to report the bug.
#

---------------  T H R E A D  ---------------

Current thread (0x00000001038a7000):  JavaThread "Spawner Reaper" daemon [_thread_in_native, id=94911, stack(0x0000700005f6f000,0x000070000606f000)]

siginfo: si_signo: 4 (SIGILL), si_code: 1 (ILL_ILLOPC), si_addr: 0x00007fffc05dabde

Registers:
RAX=0x0000000000000306, RBX=0x0000000000000306, RCX=0x00007fffc05dcb6c, RDX=0x0000000000000000
RSP=0x000070000606e3c8, RBP=0x000070000606e400, RSI=0x00007fffc9039540, RDI=0x0000000000000306
R8 =0x000000000000063c, R9 =0x000000000000063d, R10=0x0000000000000000, R11=0x0000000000000246
R12=0x00007fffc9039540, R13=0x0000000000000203, R14=0x0000000001010002, R15=0x0000000000000203
RIP=0x00007fffc05dabde, EFLAGS=0x0000000000010246, ERR=0x0000000000000000
  TRAPNO=0x0000000000000006

Top of Stack: (sp=0x000070000606e3c8)
0x000070000606e3c8:   00007fffc05da44e 0000000000000307
0x000070000606e3d8:   00000000000000c0 00000001004db590
0x000070000606e3e8:   00007fffc9039480 00007fffc9039540
0x000070000606e3f8:   00000001004aad00 000070000606e450
0x000070000606e408:   00007fffbfae03ae 0000000000000000
0x000070000606e418:   0000000000000000 0000000000000000
0x000070000606e428:   00000001004db590 0000000100100b30
0x000070000606e438:   0000000000000000 0000000000000001
0x000070000606e448:   00000001004aad00 000070000606e470
0x000070000606e458:   00007fffbfae00f9 00000001004db590
0x000070000606e468:   0000000000000006 000070000606e490
0x000070000606e478:   00007fffbfae0059 0000000000000000
0x000070000606e488:   000000012df75530 000070000606e4b0
0x000070000606e498:   00007fffc0622b23 0000000000000203
0x000070000606e4a8:   0000000000000000 000070000606e4e0
0x000070000606e4b8:   00007fffc0622a3f 00007fffc90f9a50
0x000070000606e4c8:   00000001004aad00 000000012df87b00
0x000070000606e4d8:   000070000606e544 000070000606e500
0x000070000606e4e8:   00007fffc06224f9 00000000ffffffff
0x000070000606e4f8:   00000001004aad00 000070000606e520
0x000070000606e508:   00007fffc04bb1d7 00007fffc90d96f8
0x000070000606e518:   0000000109af191d 000070000606e570
0x000070000606e528:   00007fffc04bb112 000070000606e808
0x000070000606e538:   0000000000000000 0000000200000000
0x000070000606e548:   0000000109af191d 0000000000000000
0x000070000606e558:   000000012c73b810 000070000606e808
0x000070000606e568:   00000001038a7000 000070000606e590
0x000070000606e578:   00007fffc04bb068 0000000000000000
0x000070000606e588:   0000600002485f00 000070000606e5e0
0x000070000606e598:   0000000109af1326 0000000000000000
0x000070000606e5a8:   0000600002485f00 0000600000813ba0
0x000070000606e5b8:   000000a400000000 0000000000000003 

Instructions: (pc=0x00007fffc05dabde)
0x00007fffc05dabbe:   89 f7 e8 55 18 00 00 eb ae 89 f8 48 8d 0d 9c 1f
0x00007fffc05dabce:   00 00 48 89 0d e1 e6 b0 08 48 89 05 0a e7 b0 08
0x00007fffc05dabde:   0f 0b 89 f8 48 8d 0d 12 20 00 00 48 89 0d c8 e6
0x00007fffc05dabee:   b0 08 48 89 05 f1 e6 b0 08 0f 0b 55 48 89 e5 41 

Register to memory mapping:

RAX=0x0000000000000306 is an unknown value
RBX=0x0000000000000306 is an unknown value
RCX=0x00007fffc05dcb6c: _h+0x25c in /usr/lib/system/libsystem_platform.dylib at 0x00007fffc05d5000
RDX=0x0000000000000000 is an unknown value
RSP=0x000070000606e3c8 is pointing into the stack for thread: 0x00000001038a7000
RBP=0x000070000606e400 is pointing into the stack for thread: 0x00000001038a7000
RSI=0x00007fffc9039540: _ZN12_GLOBAL__N_1L12SideTableBufE+0xc0 in /usr/lib/libobjc.A.dylib at 0x00007fffbfad7000
RDI=0x0000000000000306 is an unknown value
R8 =0x000000000000063c is an unknown value
R9 =0x000000000000063d is an unknown value
R10=0x0000000000000000 is an unknown value
R11=0x0000000000000246 is an unknown value
R12=0x00007fffc9039540: _ZN12_GLOBAL__N_1L12SideTableBufE+0xc0 in /usr/lib/libobjc.A.dylib at 0x00007fffbfad7000
R13=0x0000000000000203 is an unknown value
R14=0x0000000001010002 is an unknown value
R15=0x0000000000000203 is an unknown value


Stack: [0x0000700005f6f000,0x000070000606f000],  sp=0x000070000606e3c8,  free space=1020k
Native frames: (J=compiled Java code, j=interpreted, Vv=VM code, C=native code)
C  [libsystem_platform.dylib+0x5bde]  _os_unfair_lock_corruption_abort+0x17
C  [libobjc.A.dylib+0x93ae]  _ZN11objc_object27sidetable_clearDeallocatingEv+0x54
C  [libobjc.A.dylib+0x90f9]  objc_destructInstance+0x8f
C  [libobjc.A.dylib+0x9059]  object_dispose+0x16
C  [libxpc.dylib+0x4b23]  _xpc_dictionary_node_free+0x36
C  [libxpc.dylib+0x4a3f]  _xpc_dictionary_dispose+0x22
C  [libxpc.dylib+0x44f9]  _xpc_dispose+0xf
C  [libsystem_info.dylib+0x61d7]  ds_group_byname+0x58
C  [libsystem_info.dylib+0x6112]  search_group_byname+0x66
C  [libsystem_info.dylib+0x6068]  getgrnam+0x33
C  [libspawner.jnilib+0x2326]  ptys_open+0x1c
C  [libspawner.jnilib+0x1ede]  exec_pty+0x195
C  [libspawner.jnilib+0x14be]  Java_org_eclipse_cdt_utils_spawner_Spawner_exec2+0x129
j  org.eclipse.cdt.utils.spawner.Spawner.exec2([Ljava/lang/String;[Ljava/lang/String;Ljava/lang/String;[ILjava/lang/String;IZ)I+0
j  org.eclipse.cdt.utils.pty.PTY.exec_pty(Lorg/eclipse/cdt/utils/spawner/Spawner;[Ljava/lang/String;[Ljava/lang/String;Ljava/lang/String;[I)I+48
j  org.eclipse.cdt.utils.spawner.Spawner$2.execute([Ljava/lang/String;[Ljava/lang/String;Ljava/lang/String;[I)I+13
j  org.eclipse.cdt.utils.spawner.Spawner$Reaper.run()V+20
v  ~StubRoutines::call_stub
V  [libjvm.dylib+0x2ea39e]
V  [libjvm.dylib+0x2eab2c]
V  [libjvm.dylib+0x2eacd8]
V  [libjvm.dylib+0x345255]
V  [libjvm.dylib+0x560e03]
V  [libjvm.dylib+0x5624fe]
V  [libjvm.dylib+0x482eda]
C  [libsystem_pthread.dylib+0x3aab]  _pthread_body+0xb4
C  [libsystem_pthread.dylib+0x39f7]  _pthread_body+0x0
C  [libsystem_pthread.dylib+0x3221]  thread_start+0xd
C  0x0000000000000000

Java frames: (J=compiled Java code, j=interpreted, Vv=VM code)
j  org.eclipse.cdt.utils.spawner.Spawner.exec2([Ljava/lang/String;[Ljava/lang/String;Ljava/lang/String;[ILjava/lang/String;IZ)I+0
j  org.eclipse.cdt.utils.pty.PTY.exec_pty(Lorg/eclipse/cdt/utils/spawner/Spawner;[Ljava/lang/String;[Ljava/lang/String;Ljava/lang/String;[I)I+48
j  org.eclipse.cdt.utils.spawner.Spawner$2.execute([Ljava/lang/String;[Ljava/lang/String;Ljava/lang/String;[I)I+13
j  org.eclipse.cdt.utils.spawner.Spawner$Reaper.run()V+20
v  ~StubRoutines::call_stub

---------------  P R O C E S S  ---------------

Java Threads: ( => current thread )
=>0x00000001038a7000 JavaThread "Spawner Reaper" daemon [_thread_in_native, id=94911, stack(0x0000700005f6f000,0x000070000606f000)]
  0x000000011e61d800 JavaThread "Worker-558" [_thread_blocked, id=112479, stack(0x0000700006072000,0x0000700006172000)]
  0x000000012942d000 JavaThread "Worker-557" [_thread_blocked, id=107783, stack(0x0000700006278000,0x0000700006378000)]
  0x00000001282d8000 JavaThread "Worker-556" [_thread_blocked, id=59819, stack(0x0000700005e6c000,0x0000700005f6c000)]
  0x00000001331ae800 JavaThread "Worker-555" [_thread_blocked, id=107047, stack(0x0000700004418000,0x0000700004518000)]
  0x000000010156a800 JavaThread "Worker-552" [_thread_blocked, id=114059, stack(0x0000700003d83000,0x0000700003e83000)]
  0x0000000128302000 JavaThread "Worker-551" [_thread_blocked, id=63655, stack(0x0000700002941000,0x0000700002a41000)]
  0x000000011e4d6000 JavaThread "Worker-548" [_thread_blocked, id=78367, stack(0x0000700005d69000,0x0000700005e69000)]
  0x00000001332eb000 JavaThread "Worker-547" [_thread_blocked, id=83363, stack(0x0000700005c66000,0x0000700005d66000)]
  0x00000001292ee000 JavaThread "org.eclipse.cdt.internal.ui.text.CReconciler" daemon [_thread_blocked, id=108731, stack(0x0000700005b63000,0x0000700005c63000)]
  0x0000000129108000 JavaThread "org.eclipse.cdt.internal.ui.text.CReconciler" daemon [_thread_blocked, id=83639, stack(0x0000700004d3c000,0x0000700004e3c000)]
  0x0000000103949000 JavaThread "org.eclipse.cdt.internal.ui.text.CReconciler" daemon [_thread_blocked, id=115935, stack(0x00007000051c5000,0x00007000052c5000)]
  0x0000000128a88800 JavaThread "org.eclipse.cdt.internal.ui.text.CReconciler" daemon [_thread_blocked, id=78611, stack(0x00007000047a4000,0x00007000048a4000)]
  0x0000000103fda800 JavaThread "org.eclipse.cdt.internal.ui.text.CReconciler" daemon [_thread_blocked, id=92407, stack(0x0000700004ab0000,0x0000700004bb0000)]
  0x0000000133101000 JavaThread "Timer-6" daemon [_thread_blocked, id=87067, stack(0x00007000049ad000,0x0000700004aad000)]
  0x00000001200b0000 JavaThread "Process monitor" daemon [_thread_blocked, id=73827, stack(0x00007000053cb000,0x00007000054cb000)]
  0x0000000100cab800 JavaThread "Input Stream Monitor" daemon [_thread_blocked, id=61579, stack(0x00007000052c8000,0x00007000053c8000)]
  0x0000000128123000 JavaThread "Output Stream Monitor" daemon [_thread_in_native, id=63791, stack(0x0000700004c39000,0x0000700004d39000)]
  0x0000000101093800 JavaThread "Worker-165" [_thread_blocked, id=87683, stack(0x0000700002738000,0x0000700002838000)]
  0x0000000128226800 JavaThread "JavaScript indexing" daemon [_thread_blocked, id=88851, stack(0x00007000048aa000,0x00007000049aa000)]
  0x0000000128f05000 JavaThread "H2 Log Writer MODEL" daemon [_thread_blocked, id=61763, stack(0x0000700005a60000,0x0000700005b60000)]
  0x00000001201e9800 JavaThread "PHP Debugger Daemon Thread  - Port: 10137" daemon [_thread_in_native, id=79671, stack(0x000070000595d000,0x0000700005a5d000)]
  0x00000001292fb000 JavaThread "PHP Debugger Daemon Thread  - Port: 20080" daemon [_thread_in_native, id=79119, stack(0x000070000585a000,0x000070000595a000)]
  0x0000000127558800 JavaThread "PHP Debugger Daemon Thread  - Port: 9000" daemon [_thread_in_native, id=77107, stack(0x0000700005757000,0x0000700005857000)]
  0x00000001235e8800 JavaThread "Thread-15" daemon [_thread_blocked, id=77575, stack(0x0000700005654000,0x0000700005754000)]
  0x000000012074a800 JavaThread "Thread-12" daemon [_thread_blocked, id=69639, stack(0x0000700004fbf000,0x00007000050bf000)]
  0x000000010401a000 JavaThread "Provisioning Event Dispatcher" daemon [_thread_blocked, id=76559, stack(0x0000700005551000,0x0000700005651000)]
  0x000000011e3fe800 JavaThread "Thread-8" [_thread_blocked, id=72215, stack(0x00007000050c2000,0x00007000051c2000)]
  0x000000010392f800 JavaThread "DLTK indexing" daemon [_thread_blocked, id=68099, stack(0x0000700004ebc000,0x0000700004fbc000)]
  0x000000012853b000 JavaThread "[ThreadPool Manager] - Idle Thread" daemon [_thread_blocked, id=32783, stack(0x0000700004292000,0x0000700004392000)]
  0x00000001291e1000 JavaThread "EventAdmin Async Event Dispatcher Thread" daemon [_thread_blocked, id=17227, stack(0x0000700003e86000,0x0000700003f86000)]
  0x0000000120685000 JavaThread "Java indexing" daemon [_thread_blocked, id=62467, stack(0x000070000408c000,0x000070000418c000)]
  0x00000001232e5800 JavaThread "Bundle File Closer" daemon [_thread_blocked, id=61955, stack(0x0000700003f89000,0x0000700004089000)]
  0x000000010147d000 JavaThread "EMF Reference Cleaner" daemon [_thread_blocked, id=48647, stack(0x0000700003c80000,0x0000700003d80000)]
  0x000000011e19d000 JavaThread "Worker-JM" [_thread_blocked, id=48131, stack(0x0000700003b7d000,0x0000700003c7d000)]
  0x00000001013bd000 JavaThread "[Timer] - Main Queue Handler" daemon [_thread_blocked, id=47623, stack(0x0000700003a7a000,0x0000700003b7a000)]
  0x000000011e0fc000 JavaThread "Start Level: Equinox Container: f00a27a1-d9ac-0016-1503-bb5f8b240194" daemon [_thread_blocked, id=46339, stack(0x0000700003874000,0x0000700003974000)]
  0x0000000103a11800 JavaThread "Framework Event Dispatcher: Equinox Container: f00a27a1-d9ac-0016-1503-bb5f8b240194" daemon [_thread_blocked, id=6663, stack(0x0000700003771000,0x0000700003871000)]
  0x0000000101372800 JavaThread "Active Thread: Equinox Container: f00a27a1-d9ac-0016-1503-bb5f8b240194" [_thread_blocked, id=16647, stack(0x000070000283e000,0x000070000293e000)]
  0x000000010085b800 JavaThread "Service Thread" daemon [_thread_blocked, id=28931, stack(0x000070000356b000,0x000070000366b000)]
  0x0000000100858000 JavaThread "C1 CompilerThread2" daemon [_thread_in_vm, id=28419, stack(0x0000700003468000,0x0000700003568000)]
  0x0000000100857000 JavaThread "C2 CompilerThread1" daemon [_thread_blocked, id=27907, stack(0x0000700003365000,0x0000700003465000)]
  0x0000000101040000 JavaThread "C2 CompilerThread0" daemon [_thread_blocked, id=27395, stack(0x0000700003262000,0x0000700003362000)]
  0x000000010104b000 JavaThread "Signal Dispatcher" daemon [_thread_blocked, id=26883, stack(0x000070000315f000,0x000070000325f000)]
  0x0000000100887800 JavaThread "Finalizer" daemon [_thread_blocked, id=25603, stack(0x000070000305c000,0x000070000315c000)]
  0x0000000100884800 JavaThread "Reference Handler" daemon [_thread_blocked, id=25091, stack(0x0000700002f59000,0x0000700003059000)]
  0x0000000100825000 JavaThread "main" [_thread_in_native, id=775, stack(0x00007fff5f400000,0x00007fff5fc00000)]

Other Threads:
  0x0000000100880000 VMThread [stack: 0x0000700002e56000,0x0000700002f56000] [id=24579]
  0x000000010085c800 WatcherThread [stack: 0x000070000366e000,0x000070000376e000] [id=29443]

VM state:not at safepoint (normal execution)

VM Mutex/Monitor currently owned by a thread:  ([mutex/lock_event])
[0x00006000000e2800] CodeCache_lock - owner thread: 0x0000000100858000

Heap:
 PSYoungGen      total 142848K, used 98321K [0x00000007aab00000, 0x00000007b3c00000, 0x00000007c0000000)
  eden space 137728K, 68% used [0x00000007aab00000,0x00000007b07b1ee0,0x00000007b3180000)
  from space 5120K, 66% used [0x00000007b3180000,0x00000007b34d2590,0x00000007b3680000)
  to   space 5120K, 0% used [0x00000007b3700000,0x00000007b3700000,0x00000007b3c00000)
 ParOldGen       total 455680K, used 226803K [0x0000000780000000, 0x000000079bd00000, 0x00000007aab00000)
  object space 455680K, 49% used [0x0000000780000000,0x000000078dd7cd80,0x000000079bd00000)
 Metaspace       used 158738K, capacity 172868K, committed 173120K, reserved 1200128K
  class space    used 18402K, capacity 22563K, committed 22592K, reserved 1048576K

Card table byte_map: [0x00000001030b6000,0x00000001032b7000] byte_map_base: 0x00000000ff4b6000

Marking Bits: (ParMarkBitMap*) 0x0000000105444ea0
 Begin Bits: [0x0000000105eb0000, 0x0000000106eb0000)
 End Bits:   [0x0000000106eb0000, 0x0000000107eb0000)

Polling page: 0x000000010039d000

CodeCache: size=245760Kb used=118495Kb max_used=118552Kb free=127264Kb
 bounds [0x000000010aaea000, 0x0000000111faa000, 0x0000000119aea000]
 total_blobs=28588 nmethods=27679 adapters=813
 compilation: enabled

Compilation events (10 events):
Event: 153048.982 Thread 0x0000000100857000 38734       4       org.eclipse.cdt.internal.core.model.SourceRoot::isOnSourceEntry (13 bytes)
Event: 153048.983 Thread 0x0000000100857000 nmethod 38734 0x000000010e388450 code [0x000000010e3885a0, 0x000000010e388648]
Event: 153048.986 Thread 0x0000000100858000 38732       3       java.text.SimpleDateFormat::initializeDefaultCentury (32 bytes)
Event: 153048.987 Thread 0x0000000100858000 nmethod 38732 0x0000000111f75c90 code [0x0000000111f75ec0, 0x0000000111f76c18]
Event: 153048.992 Thread 0x0000000100858000 38733       3       java.util.GregorianCalendar::pinDayOfMonth (64 bytes)
Event: 153048.993 Thread 0x0000000100858000 nmethod 38733 0x0000000111f74010 code [0x0000000111f74260, 0x0000000111f75348]
Event: 153050.051 Thread 0x0000000100858000 38735       1       org.eclipse.ui.internal.console.ConsoleView::access$4 (5 bytes)
Event: 153050.051 Thread 0x0000000100858000 nmethod 38735 0x000000010d080f10 code [0x000000010d081060, 0x000000010d081150]
Event: 153050.058 Thread 0x0000000100858000 38736       1       org.eclipse.ui.internal.console.ConsoleDropDownAction::access$0 (5 bytes)
Event: 153050.058 Thread 0x0000000100858000 nmethod 38736 0x000000010d080c50 code [0x000000010d080da0, 0x000000010d080e90]

GC Heap History (10 events):
Event: 152673.602 GC heap before
{Heap before GC invocations=1946 (full 765):
 PSYoungGen      total 142336K, used 139177K [0x00000007aab00000, 0x00000007b3b80000, 0x00000007c0000000)
  eden space 136704K, 100% used [0x00000007aab00000,0x00000007b3080000,0x00000007b3080000)
  from space 5632K, 43% used [0x00000007b3600000,0x00000007b386a590,0x00000007b3b80000)
  to   space 5632K, 0% used [0x00000007b3080000,0x00000007b3080000,0x00000007b3600000)
 ParOldGen       total 455680K, used 226579K [0x0000000780000000, 0x000000079bd00000, 0x00000007aab00000)
  object space 455680K, 49% used [0x0000000780000000,0x000000078dd44d80,0x000000079bd00000)
 Metaspace       used 158646K, capacity 172804K, committed 173120K, reserved 1200128K
  class space    used 18402K, capacity 22563K, committed 22592K, reserved 1048576K
Event: 152673.615 GC heap after
Heap after GC invocations=1946 (full 765):
 PSYoungGen      total 142336K, used 3305K [0x00000007aab00000, 0x00000007b3b00000, 0x00000007c0000000)
  eden space 136704K, 0% used [0x00000007aab00000,0x00000007aab00000,0x00000007b3080000)
  from space 5632K, 58% used [0x00000007b3080000,0x00000007b33ba590,0x00000007b3600000)
  to   space 5120K, 0% used [0x00000007b3600000,0x00000007b3600000,0x00000007b3b00000)
 ParOldGen       total 455680K, used 226611K [0x0000000780000000, 0x000000079bd00000, 0x00000007aab00000)
  object space 455680K, 49% used [0x0000000780000000,0x000000078dd4cd80,0x000000079bd00000)
 Metaspace       used 158646K, capacity 172804K, committed 173120K, reserved 1200128K
  class space    used 18402K, capacity 22563K, committed 22592K, reserved 1048576K
}
Event: 152734.188 GC heap before
{Heap before GC invocations=1947 (full 765):
 PSYoungGen      total 142336K, used 140009K [0x00000007aab00000, 0x00000007b3b00000, 0x00000007c0000000)
  eden space 136704K, 100% used [0x00000007aab00000,0x00000007b3080000,0x00000007b3080000)
  from space 5632K, 58% used [0x00000007b3080000,0x00000007b33ba590,0x00000007b3600000)
  to   space 5120K, 0% used [0x00000007b3600000,0x00000007b3600000,0x00000007b3b00000)
 ParOldGen       total 455680K, used 226611K [0x0000000780000000, 0x000000079bd00000, 0x00000007aab00000)
  object space 455680K, 49% used [0x0000000780000000,0x000000078dd4cd80,0x000000079bd00000)
 Metaspace       used 158660K, capacity 172804K, committed 173120K, reserved 1200128K
  class space    used 18402K, capacity 22563K, committed 22592K, reserved 1048576K
Event: 152734.205 GC heap after
Heap after GC invocations=1947 (full 765):
 PSYoungGen      total 142336K, used 3241K [0x00000007aab00000, 0x00000007b3b00000, 0x00000007c0000000)
  eden space 137216K, 0% used [0x00000007aab00000,0x00000007aab00000,0x00000007b3100000)
  from space 5120K, 63% used [0x00000007b3600000,0x00000007b392a590,0x00000007b3b00000)
  to   space 5120K, 0% used [0x00000007b3100000,0x00000007b3100000,0x00000007b3600000)
 ParOldGen       total 455680K, used 226675K [0x0000000780000000, 0x000000079bd00000, 0x00000007aab00000)
  object space 455680K, 49% used [0x0000000780000000,0x000000078dd5cd80,0x000000079bd00000)
 Metaspace       used 158660K, capacity 172804K, committed 173120K, reserved 1200128K
  class space    used 18402K, capacity 22563K, committed 22592K, reserved 1048576K
}
Event: 152866.090 GC heap before
{Heap before GC invocations=1948 (full 765):
 PSYoungGen      total 142336K, used 140457K [0x00000007aab00000, 0x00000007b3b00000, 0x00000007c0000000)
  eden space 137216K, 100% used [0x00000007aab00000,0x00000007b3100000,0x00000007b3100000)
  from space 5120K, 63% used [0x00000007b3600000,0x00000007b392a590,0x00000007b3b00000)
  to   space 5120K, 0% used [0x00000007b3100000,0x00000007b3100000,0x00000007b3600000)
 ParOldGen       total 455680K, used 226675K [0x0000000780000000, 0x000000079bd00000, 0x00000007aab00000)
  object space 455680K, 49% used [0x0000000780000000,0x000000078dd5cd80,0x000000079bd00000)
 Metaspace       used 158682K, capacity 172868K, committed 173120K, reserved 1200128K
  class space    used 18402K, capacity 22563K, committed 22592K, reserved 1048576K
Event: 152866.099 GC heap after
Heap after GC invocations=1948 (full 765):
 PSYoungGen      total 142336K, used 4233K [0x00000007aab00000, 0x00000007b3b80000, 0x00000007c0000000)
  eden space 137216K, 0% used [0x00000007aab00000,0x00000007aab00000,0x00000007b3100000)
  from space 5120K, 82% used [0x00000007b3100000,0x00000007b3522590,0x00000007b3600000)
  to   space 5120K, 0% used [0x00000007b3680000,0x00000007b3680000,0x00000007b3b80000)
 ParOldGen       total 455680K, used 226755K [0x0000000780000000, 0x000000079bd00000, 0x00000007aab00000)
  object space 455680K, 49% used [0x0000000780000000,0x000000078dd70d80,0x000000079bd00000)
 Metaspace       used 158682K, capacity 172868K, committed 173120K, reserved 1200128K
  class space    used 18402K, capacity 22563K, committed 22592K, reserved 1048576K
}
Event: 152917.049 GC heap before
{Heap before GC invocations=1949 (full 765):
 PSYoungGen      total 142336K, used 141449K [0x00000007aab00000, 0x00000007b3b80000, 0x00000007c0000000)
  eden space 137216K, 100% used [0x00000007aab00000,0x00000007b3100000,0x00000007b3100000)
  from space 5120K, 82% used [0x00000007b3100000,0x00000007b3522590,0x00000007b3600000)
  to   space 5120K, 0% used [0x00000007b3680000,0x00000007b3680000,0x00000007b3b80000)
 ParOldGen       total 455680K, used 226755K [0x0000000780000000, 0x000000079bd00000, 0x00000007aab00000)
  object space 455680K, 49% used [0x0000000780000000,0x000000078dd70d80,0x000000079bd00000)
 Metaspace       used 158712K, capacity 172868K, committed 173120K, reserved 1200128K
  class space    used 18402K, capacity 22563K, committed 22592K, reserved 1048576K
Event: 152917.064 GC heap after
Heap after GC invocations=1949 (full 765):
 PSYoungGen      total 142848K, used 2953K [0x00000007aab00000, 0x00000007b3b80000, 0x00000007c0000000)
  eden space 137728K, 0% used [0x00000007aab00000,0x00000007aab00000,0x00000007b3180000)
  from space 5120K, 57% used [0x00000007b3680000,0x00000007b3962590,0x00000007b3b80000)
  to   space 5120K, 0% used [0x00000007b3180000,0x00000007b3180000,0x00000007b3680000)
 ParOldGen       total 455680K, used 226795K [0x0000000780000000, 0x000000079bd00000, 0x00000007aab00000)
  object space 455680K, 49% used [0x0000000780000000,0x000000078dd7ad80,0x000000079bd00000)
 Metaspace       used 158712K, capacity 172868K, committed 173120K, reserved 1200128K
  class space    used 18402K, capacity 22563K, committed 22592K, reserved 1048576K
}
Event: 153002.483 GC heap before
{Heap before GC invocations=1950 (full 765):
 PSYoungGen      total 142848K, used 140681K [0x00000007aab00000, 0x00000007b3b80000, 0x00000007c0000000)
  eden space 137728K, 100% used [0x00000007aab00000,0x00000007b3180000,0x00000007b3180000)
  from space 5120K, 57% used [0x00000007b3680000,0x00000007b3962590,0x00000007b3b80000)
  to   space 5120K, 0% used [0x00000007b3180000,0x00000007b3180000,0x00000007b3680000)
 ParOldGen       total 455680K, used 226795K [0x0000000780000000, 0x000000079bd00000, 0x00000007aab00000)
  object space 455680K, 49% used [0x0000000780000000,0x000000078dd7ad80,0x000000079bd00000)
 Metaspace       used 158730K, capacity 172868K, committed 173120K, reserved 1200128K
  class space    used 18402K, capacity 22563K, committed 22592K, reserved 1048576K
Event: 153002.492 GC heap after
Heap after GC invocations=1950 (full 765):
 PSYoungGen      total 142848K, used 3401K [0x00000007aab00000, 0x00000007b3c00000, 0x00000007c0000000)
  eden space 137728K, 0% used [0x00000007aab00000,0x00000007aab00000,0x00000007b3180000)
  from space 5120K, 66% used [0x00000007b3180000,0x00000007b34d2590,0x00000007b3680000)
  to   space 5120K, 0% used [0x00000007b3700000,0x00000007b3700000,0x00000007b3c00000)
 ParOldGen       total 455680K, used 226803K [0x0000000780000000, 0x000000079bd00000, 0x00000007aab00000)
  object space 455680K, 49% used [0x0000000780000000,0x000000078dd7cd80,0x000000079bd00000)
 Metaspace       used 158730K, capacity 172868K, committed 173120K, reserved 1200128K
  class space    used 18402K, capacity 22563K, committed 22592K, reserved 1048576K
}

Deoptimization events (10 events):
Event: 152426.157 Thread 0x00000001292ee000 Uncommon trap: reason=unstable_if action=reinterpret pc=0x000000010b6c6544 method=org.eclipse.cdt.internal.core.parser.scanner.ScannerContext.findModificationCollector()Lorg/eclipse/cdt/core/parser/util/CharArraySet; @ 19
Event: 152426.158 Thread 0x00000001292ee000 Uncommon trap: reason=unstable_if action=reinterpret pc=0x000000010f7cdb88 method=org.eclipse.cdt.internal.core.parser.scanner.ScannerContext.findModificationCollector()Lorg/eclipse/cdt/core/parser/util/CharArraySet; @ 19
Event: 152837.148 Thread 0x0000000100825000 Uncommon trap: reason=unstable_if action=reinterpret pc=0x000000010e389634 method=org.eclipse.ui.internal.views.markers.MarkerEntry.getAttributeValue(Ljava/lang/String;)Ljava/lang/Object; @ 19
Event: 152837.149 Thread 0x0000000100825000 Uncommon trap: reason=unstable_if action=reinterpret pc=0x0000000111595080 method=org.eclipse.ui.internal.views.markers.MarkerEntry.getPath()Ljava/lang/String; @ 18
Event: 152898.238 Thread 0x0000000128302000 Uncommon trap: reason=bimorphic action=maybe_recompile pc=0x00000001101129b0 method=org.eclipse.cdt.internal.core.pdom.PDOM.adaptBinding(Lorg/eclipse/cdt/core/dom/ast/IBinding;Z)Lorg/eclipse/cdt/internal/core/index/IIndexFragmentBinding; @ 27
Event: 152898.242 Thread 0x0000000128302000 Uncommon trap: reason=unstable_if action=reinterpret pc=0x000000010e2edb34 method=org.eclipse.core.internal.filebuffers.SynchronizableDocument.getChar(I)C @ 6
Event: 152898.242 Thread 0x0000000128302000 Uncommon trap: reason=unstable_if action=reinterpret pc=0x000000010aec4aac method=org.eclipse.core.internal.filebuffers.SynchronizableDocument.getChar(I)C @ 6
Event: 152898.242 Thread 0x0000000128302000 Uncommon trap: reason=unstable_if action=reinterpret pc=0x0000000110182d44 method=org.eclipse.core.internal.filebuffers.SynchronizableDocument.getChar(I)C @ 6
Event: 152901.760 Thread 0x00000001331ae800 Uncommon trap: reason=unstable_if action=reinterpret pc=0x00000001119d08c8 method=org.eclipse.cdt.internal.core.dom.parser.c.CVisitor$CollectReferencesAction.visit(Lorg/eclipse/cdt/core/dom/ast/IASTName;)I @ 52
Event: 153035.674 Thread 0x0000000100825000 Uncommon trap: reason=unstable_if action=reinterpret pc=0x000000010e4ca658 method=org.eclipse.cdt.internal.ui.text.spelling.engine.DefaultPhoneticHashProvider.getHash(Ljava/lang/String;)Ljava/lang/String; @ 2759

Internal exceptions (10 events):
Event: 153048.832 Thread 0x000000012733c000 Exception <a 'java/lang/UnsatisfiedLinkError': org.eclipse.cdt.utils.spawner.SpawnerInputStream.available0(I)I> (0x00000007af581658) thrown at [/Users/java_re/workspace/8-2-build-macosx-x86_64/jdk8u77/6540/hotspot/src/share/vm/prims/nativeLookup.cpp, line
Event: 153048.833 Thread 0x000000012733c000 Exception <a 'java/lang/UnsatisfiedLinkError': org.eclipse.cdt.utils.spawner.SpawnerInputStream.available0(I)I> (0x00000007af5874a8) thrown at [/Users/java_re/workspace/8-2-build-macosx-x86_64/jdk8u77/6540/hotspot/src/share/vm/prims/nativeLookup.cpp, line
Event: 153048.845 Thread 0x000000012733c000 Exception <a 'java/lang/UnsatisfiedLinkError': org.eclipse.cdt.utils.spawner.SpawnerInputStream.available0(I)I> (0x00000007af70bb88) thrown at [/Users/java_re/workspace/8-2-build-macosx-x86_64/jdk8u77/6540/hotspot/src/share/vm/prims/nativeLookup.cpp, line
Event: 153048.848 Thread 0x000000011e547000 Exception <a 'java/lang/UnsatisfiedLinkError': org.eclipse.cdt.utils.spawner.SpawnerInputStream.available0(I)I> (0x00000007af54f6e8) thrown at [/Users/java_re/workspace/8-2-build-macosx-x86_64/jdk8u77/6540/hotspot/src/share/vm/prims/nativeLookup.cpp, line
Event: 153048.849 Thread 0x000000011e547000 Exception <a 'java/lang/UnsatisfiedLinkError': org.eclipse.cdt.utils.spawner.SpawnerInputStream.available0(I)I> (0x00000007af551fa8) thrown at [/Users/java_re/workspace/8-2-build-macosx-x86_64/jdk8u77/6540/hotspot/src/share/vm/prims/nativeLookup.cpp, line
Event: 153048.851 Thread 0x000000011e547000 Exception <a 'java/lang/UnsatisfiedLinkError': org.eclipse.cdt.utils.spawner.SpawnerInputStream.available0(I)I> (0x00000007af5541f0) thrown at [/Users/java_re/workspace/8-2-build-macosx-x86_64/jdk8u77/6540/hotspot/src/share/vm/prims/nativeLookup.cpp, line
Event: 153048.852 Thread 0x000000011e547000 Exception <a 'java/lang/UnsatisfiedLinkError': org.eclipse.cdt.utils.spawner.SpawnerInputStream.available0(I)I> (0x00000007af5566d0) thrown at [/Users/java_re/workspace/8-2-build-macosx-x86_64/jdk8u77/6540/hotspot/src/share/vm/prims/nativeLookup.cpp, line
Event: 153048.853 Thread 0x000000011e547000 Exception <a 'java/lang/UnsatisfiedLinkError': org.eclipse.cdt.utils.spawner.SpawnerInputStream.available0(I)I> (0x00000007af558b80) thrown at [/Users/java_re/workspace/8-2-build-macosx-x86_64/jdk8u77/6540/hotspot/src/share/vm/prims/nativeLookup.cpp, line
Event: 153048.919 Thread 0x000000011e547000 Exception <a 'java/lang/UnsatisfiedLinkError': org.eclipse.cdt.utils.spawner.SpawnerInputStream.available0(I)I> (0x00000007af55b898) thrown at [/Users/java_re/workspace/8-2-build-macosx-x86_64/jdk8u77/6540/hotspot/src/share/vm/prims/nativeLookup.cpp, line
Event: 153048.921 Thread 0x000000011e547000 Exception <a 'java/lang/UnsatisfiedLinkError': org.eclipse.cdt.utils.spawner.SpawnerInputStream.available0(I)I> (0x00000007af55de70) thrown at [/Users/java_re/workspace/8-2-build-macosx-x86_64/jdk8u77/6540/hotspot/src/share/vm/prims/nativeLookup.cpp, line

Events (10 events):
Event: 153048.991 Executing VM operation: RevokeBias done
Event: 153049.826 Executing VM operation: RevokeBias
Event: 153049.826 Executing VM operation: RevokeBias done
Event: 153049.830 Thread 0x00000001335a9800 Thread added: 0x00000001335a9800
Event: 153049.830 Thread 0x00000001335a9800 Thread exited: 0x00000001335a9800
Event: 153050.052 Thread 0x0000000100858000 flushing nmethod 0x000000010ec87750
Event: 153050.059 Executing VM operation: RevokeBias
Event: 153050.059 Executing VM operation: RevokeBias done
Event: 153050.060 Thread 0x00000001038a7000 Thread added: 0x00000001038a7000
Event: 153050.062 Thread 0x0000000100858000 flushing nmethod 0x000000010fb16ad0


Dynamic libraries:
0x00000000360ea000 	/System/Library/Frameworks/Cocoa.framework/Versions/A/Cocoa
0x00000000360ea000 	/usr/lib/libSystem.B.dylib
0x00000000360ea000 	/System/Library/Frameworks/CoreServices.framework/Versions/A/CoreServices
0x00000000360ea000 	/usr/lib/libobjc.A.dylib
0x00000000360ea000 	/System/Library/Frameworks/CoreFoundation.framework/Versions/A/CoreFoundation
0x00000000360ea000 	/System/Library/Frameworks/AppKit.framework/Versions/C/AppKit
0x00000000360ea000 	/System/Library/Frameworks/ApplicationServices.framework/Versions/A/ApplicationServices
0x00000000360ea000 	/System/Library/Frameworks/Foundation.framework/Versions/C/Foundation
0x00000000360ea000 	/System/Library/Frameworks/CoreData.framework/Versions/A/CoreData
0x00000000360ea000 	/System/Library/PrivateFrameworks/RemoteViewServices.framework/Versions/A/RemoteViewServices
0x00000000360ea000 	/System/Library/PrivateFrameworks/UIFoundation.framework/Versions/A/UIFoundation
0x00000000360ea000 	/usr/lib/libenergytrace.dylib
0x00000000360ea000 	/System/Library/PrivateFrameworks/SkyLight.framework/Versions/A/SkyLight
0x00000000360ea000 	/System/Library/Frameworks/CoreGraphics.framework/Versions/A/CoreGraphics
0x00000000360ea000 	/usr/lib/libScreenReader.dylib
0x00000000360ea000 	/System/Library/Frameworks/Accelerate.framework/Versions/A/Accelerate
0x00000000360ea000 	/System/Library/Frameworks/IOSurface.framework/Versions/A/IOSurface
0x00000000360ea000 	/System/Library/Frameworks/AudioToolbox.framework/Versions/A/AudioToolbox
0x00000000360ea000 	/System/Library/Frameworks/AudioUnit.framework/Versions/A/AudioUnit
0x00000000360ea000 	/System/Library/PrivateFrameworks/DataDetectorsCore.framework/Versions/A/DataDetectorsCore
0x00000000360ea000 	/System/Library/PrivateFrameworks/DesktopServicesPriv.framework/Versions/A/DesktopServicesPriv
0x00000000360ea000 	/System/Library/Frameworks/Carbon.framework/Versions/A/Frameworks/HIToolbox.framework/Versions/A/HIToolbox
0x00000000360ea000 	/usr/lib/libicucore.A.dylib
0x00000000360ea000 	/usr/lib/libz.1.dylib
0x00000000360ea000 	/System/Library/Frameworks/QuartzCore.framework/Versions/A/QuartzCore
0x00000000360ea000 	/System/Library/Frameworks/Security.framework/Versions/A/Security
0x00000000360ea000 	/System/Library/Frameworks/Carbon.framework/Versions/A/Frameworks/SpeechRecognition.framework/Versions/A/SpeechRecognition
0x00000000360ea000 	/usr/lib/libauto.dylib
0x00000000360ea000 	/usr/lib/libxml2.2.dylib
0x00000000360ea000 	/System/Library/PrivateFrameworks/CoreUI.framework/Versions/A/CoreUI
0x00000000360ea000 	/System/Library/Frameworks/CoreAudio.framework/Versions/A/CoreAudio
0x00000000360ea000 	/System/Library/Frameworks/DiskArbitration.framework/Versions/A/DiskArbitration
0x00000000360ea000 	/usr/lib/liblangid.dylib
0x00000000360ea000 	/System/Library/PrivateFrameworks/MultitouchSupport.framework/Versions/A/MultitouchSupport
0x00000000360ea000 	/System/Library/Frameworks/IOKit.framework/Versions/A/IOKit
0x00000000360ea000 	/usr/lib/libDiagnosticMessagesClient.dylib
0x00000000360ea000 	/System/Library/PrivateFrameworks/PerformanceAnalysis.framework/Versions/A/PerformanceAnalysis
0x00000000360ea000 	/System/Library/PrivateFrameworks/GenerationalStorage.framework/Versions/A/GenerationalStorage
0x00000000360ea000 	/System/Library/Frameworks/OpenGL.framework/Versions/A/OpenGL
0x00000000360ea000 	/System/Library/Frameworks/CoreImage.framework/Versions/A/CoreImage
0x00000000360ea000 	/System/Library/Frameworks/CoreText.framework/Versions/A/CoreText
0x00000000360ea000 	/System/Library/Frameworks/ImageIO.framework/Versions/A/ImageIO
0x00000000360ea000 	/System/Library/PrivateFrameworks/Backup.framework/Versions/A/Backup
0x00000000360ea000 	/usr/lib/libarchive.2.dylib
0x00000000360ea000 	/System/Library/Frameworks/CFNetwork.framework/Versions/A/CFNetwork
0x00000000360ea000 	/System/Library/Frameworks/SystemConfiguration.framework/Versions/A/SystemConfiguration
0x00000000360ea000 	/usr/lib/libCRFSuite.dylib
0x00000000360ea000 	/usr/lib/libc++.1.dylib
0x00000000360ea000 	/usr/lib/libc++abi.dylib
0x00000000360ea000 	/usr/lib/system/libcache.dylib
0x00000000360ea000 	/usr/lib/system/libcommonCrypto.dylib
0x00000000360ea000 	/usr/lib/system/libcompiler_rt.dylib
0x00000000360ea000 	/usr/lib/system/libcopyfile.dylib
0x00000000360ea000 	/usr/lib/system/libcorecrypto.dylib
0x00000000360ea000 	/usr/lib/system/libdispatch.dylib
0x00000000360ea000 	/usr/lib/system/libdyld.dylib
0x00000000360ea000 	/usr/lib/system/libkeymgr.dylib
0x00000000360ea000 	/usr/lib/system/liblaunch.dylib
0x00000000360ea000 	/usr/lib/system/libmacho.dylib
0x00000000360ea000 	/usr/lib/system/libquarantine.dylib
0x00000000360ea000 	/usr/lib/system/libremovefile.dylib
0x00000000360ea000 	/usr/lib/system/libsystem_asl.dylib
0x00000000360ea000 	/usr/lib/system/libsystem_blocks.dylib
0x00000000360ea000 	/usr/lib/system/libsystem_c.dylib
0x00000000360ea000 	/usr/lib/system/libsystem_configuration.dylib
0x00000000360ea000 	/usr/lib/system/libsystem_coreservices.dylib
0x00000000360ea000 	/usr/lib/system/libsystem_coretls.dylib
0x00000000360ea000 	/usr/lib/system/libsystem_dnssd.dylib
0x00000000360ea000 	/usr/lib/system/libsystem_info.dylib
0x00000000360ea000 	/usr/lib/system/libsystem_kernel.dylib
0x00000000360ea000 	/usr/lib/system/libsystem_m.dylib
0x00000000360ea000 	/usr/lib/system/libsystem_malloc.dylib
0x00000000360ea000 	/usr/lib/system/libsystem_network.dylib
0x00000000360ea000 	/usr/lib/system/libsystem_networkextension.dylib
0x00000000360ea000 	/usr/lib/system/libsystem_notify.dylib
0x00000000360ea000 	/usr/lib/system/libsystem_platform.dylib
0x00000000360ea000 	/usr/lib/system/libsystem_pthread.dylib
0x00000000360ea000 	/usr/lib/system/libsystem_sandbox.dylib
0x00000000360ea000 	/usr/lib/system/libsystem_secinit.dylib
0x00000000360ea000 	/usr/lib/system/libsystem_symptoms.dylib
0x00000000360ea000 	/usr/lib/system/libsystem_trace.dylib
0x00000000360ea000 	/usr/lib/system/libunwind.dylib
0x00000000360ea000 	/usr/lib/system/libxpc.dylib
0x00000000360ea000 	/usr/lib/libbsm.0.dylib
0x00000000360ea000 	/usr/lib/system/libkxld.dylib
0x00000000360ea000 	/usr/lib/libcoretls.dylib
0x00000000360ea000 	/usr/lib/libcoretls_cfhelpers.dylib
0x00000000360ea000 	/usr/lib/libxar.1.dylib
0x00000000360ea000 	/usr/lib/libsqlite3.dylib
0x00000000360ea000 	/usr/lib/libpam.2.dylib
0x00000000360ea000 	/usr/lib/libOpenScriptingUtil.dylib
0x00000000360ea000 	/usr/lib/libbz2.1.0.dylib
0x00000000360ea000 	/usr/lib/liblzma.5.dylib
0x00000000360ea000 	/usr/lib/libnetwork.dylib
0x00000000360ea000 	/usr/lib/libpcap.A.dylib
0x00000000360ea000 	/System/Library/Frameworks/CoreServices.framework/Versions/A/Frameworks/FSEvents.framework/Versions/A/FSEvents
0x00000000360ea000 	/System/Library/Frameworks/CoreServices.framework/Versions/A/Frameworks/CarbonCore.framework/Versions/A/CarbonCore
0x00000000360ea000 	/System/Library/Frameworks/CoreServices.framework/Versions/A/Frameworks/Metadata.framework/Versions/A/Metadata
0x00000000360ea000 	/System/Library/Frameworks/CoreServices.framework/Versions/A/Frameworks/OSServices.framework/Versions/A/OSServices
0x00000000360ea000 	/System/Library/Frameworks/CoreServices.framework/Versions/A/Frameworks/SearchKit.framework/Versions/A/SearchKit
0x00000000360ea000 	/System/Library/Frameworks/CoreServices.framework/Versions/A/Frameworks/AE.framework/Versions/A/AE
0x00000000360ea000 	/System/Library/Frameworks/CoreServices.framework/Versions/A/Frameworks/LaunchServices.framework/Versions/A/LaunchServices
0x00000000360ea000 	/System/Library/Frameworks/CoreServices.framework/Versions/A/Frameworks/DictionaryServices.framework/Versions/A/DictionaryServices
0x00000000360ea000 	/System/Library/Frameworks/CoreServices.framework/Versions/A/Frameworks/SharedFileList.framework/Versions/A/SharedFileList
0x00000000360ea000 	/System/Library/Frameworks/NetFS.framework/Versions/A/NetFS
0x00000000360ea000 	/System/Library/PrivateFrameworks/NetAuth.framework/Versions/A/NetAuth
0x00000000360ea000 	/System/Library/PrivateFrameworks/login.framework/Versions/A/Frameworks/loginsupport.framework/Versions/A/loginsupport
0x00000000360ea000 	/System/Library/PrivateFrameworks/TCC.framework/Versions/A/TCC
0x00000000360ea000 	/usr/lib/libmecabra.dylib
0x00000000360ea000 	/System/Library/Frameworks/ApplicationServices.framework/Versions/A/Frameworks/ATS.framework/Versions/A/ATS
0x00000000360ea000 	/System/Library/Frameworks/ApplicationServices.framework/Versions/A/Frameworks/ColorSync.framework/Versions/A/ColorSync
0x00000000360ea000 	/System/Library/Frameworks/ApplicationServices.framework/Versions/A/Frameworks/HIServices.framework/Versions/A/HIServices
0x00000000360ea000 	/System/Library/Frameworks/ApplicationServices.framework/Versions/A/Frameworks/LangAnalysis.framework/Versions/A/LangAnalysis
0x00000000360ea000 	/System/Library/Frameworks/ApplicationServices.framework/Versions/A/Frameworks/PrintCore.framework/Versions/A/PrintCore
0x00000000360ea000 	/System/Library/Frameworks/ApplicationServices.framework/Versions/A/Frameworks/QD.framework/Versions/A/QD
0x00000000360ea000 	/System/Library/Frameworks/ApplicationServices.framework/Versions/A/Frameworks/SpeechSynthesis.framework/Versions/A/SpeechSynthesis
0x00000000360ea000 	/System/Library/Frameworks/Accelerate.framework/Versions/A/Frameworks/vImage.framework/Versions/A/vImage
0x00000000360ea000 	/System/Library/Frameworks/Accelerate.framework/Versions/A/Frameworks/vecLib.framework/Versions/A/vecLib
0x00000000360ea000 	/System/Library/Frameworks/Accelerate.framework/Versions/A/Frameworks/vecLib.framework/Versions/A/libvDSP.dylib
0x00000000360ea000 	/System/Library/Frameworks/Accelerate.framework/Versions/A/Frameworks/vecLib.framework/Versions/A/libBNNS.dylib
0x00000000360ea000 	/System/Library/Frameworks/Accelerate.framework/Versions/A/Frameworks/vecLib.framework/Versions/A/libQuadrature.dylib
0x00000000360ea000 	/System/Library/Frameworks/Accelerate.framework/Versions/A/Frameworks/vecLib.framework/Versions/A/libvMisc.dylib
0x00000000360ea000 	/System/Library/Frameworks/Accelerate.framework/Versions/A/Frameworks/vecLib.framework/Versions/A/libLAPACK.dylib
0x00000000360ea000 	/System/Library/Frameworks/Accelerate.framework/Versions/A/Frameworks/vecLib.framework/Versions/A/libBLAS.dylib
0x00000000360ea000 	/System/Library/Frameworks/Accelerate.framework/Versions/A/Frameworks/vecLib.framework/Versions/A/libLinearAlgebra.dylib
0x00000000360ea000 	/System/Library/Frameworks/Accelerate.framework/Versions/A/Frameworks/vecLib.framework/Versions/A/libSparseBLAS.dylib
0x00000000360ea000 	/System/Library/Frameworks/ApplicationServices.framework/Versions/A/Frameworks/ATS.framework/Versions/A/Resources/libFontParser.dylib
0x00000000360ea000 	/System/Library/Frameworks/ApplicationServices.framework/Versions/A/Frameworks/ATS.framework/Versions/A/Resources/libFontRegistry.dylib
0x00000000360ea000 	/System/Library/Frameworks/ImageIO.framework/Versions/A/Resources/libJPEG.dylib
0x00000000360ea000 	/System/Library/Frameworks/ImageIO.framework/Versions/A/Resources/libTIFF.dylib
0x00000000360ea000 	/System/Library/Frameworks/ImageIO.framework/Versions/A/Resources/libPng.dylib
0x00000000360ea000 	/System/Library/Frameworks/ImageIO.framework/Versions/A/Resources/libGIF.dylib
0x00000000360ea000 	/System/Library/Frameworks/ImageIO.framework/Versions/A/Resources/libJP2.dylib
0x00000000360ea000 	/System/Library/Frameworks/ImageIO.framework/Versions/A/Resources/libRadiance.dylib
0x00000000360ea000 	/usr/lib/libcompression.dylib
0x00000000360ea000 	/System/Library/PrivateFrameworks/AppleJPEG.framework/Versions/A/AppleJPEG
0x00000000360ea000 	/usr/lib/libcups.2.dylib
0x00000000360ea000 	/System/Library/Frameworks/Kerberos.framework/Versions/A/Kerberos
0x00000000360ea000 	/System/Library/Frameworks/GSS.framework/Versions/A/GSS
0x00000000360ea000 	/usr/lib/libresolv.9.dylib
0x00000000360ea000 	/usr/lib/libiconv.2.dylib
0x00000000360ea000 	/System/Library/PrivateFrameworks/Heimdal.framework/Versions/A/Heimdal
0x00000000360ea000 	/usr/lib/libheimdal-asn1.dylib
0x00000000360ea000 	/System/Library/Frameworks/OpenDirectory.framework/Versions/A/OpenDirectory
0x00000000360ea000 	/System/Library/PrivateFrameworks/CommonAuth.framework/Versions/A/CommonAuth
0x00000000360ea000 	/System/Library/Frameworks/OpenDirectory.framework/Versions/A/Frameworks/CFOpenDirectory.framework/Versions/A/CFOpenDirectory
0x00000000360ea000 	/System/Library/Frameworks/SecurityFoundation.framework/Versions/A/SecurityFoundation
0x00000000360ea000 	/System/Library/PrivateFrameworks/LanguageModeling.framework/Versions/A/LanguageModeling
0x00000000360ea000 	/usr/lib/libmarisa.dylib
0x00000000360ea000 	/usr/lib/libChineseTokenizer.dylib
0x00000000360ea000 	/usr/lib/libcmph.dylib
0x00000000360ea000 	/System/Library/PrivateFrameworks/CoreEmoji.framework/Versions/A/CoreEmoji
0x00000000360ea000 	/System/Library/Frameworks/ServiceManagement.framework/Versions/A/ServiceManagement
0x00000000360ea000 	/usr/lib/libxslt.1.dylib
0x00000000360ea000 	/System/Library/Frameworks/Carbon.framework/Versions/A/Frameworks/Ink.framework/Versions/A/Ink
0x00000000360ea000 	/System/Library/PrivateFrameworks/TextureIO.framework/Versions/A/TextureIO
0x00000000360ea000 	/System/Library/Frameworks/Metal.framework/Versions/A/Metal
0x00000000360ea000 	/usr/lib/libate.dylib
0x00000000360ea000 	/System/Library/PrivateFrameworks/GPUCompiler.framework/libmetal_timestamp.dylib
0x00000000360ea000 	/System/Library/Frameworks/OpenGL.framework/Versions/A/Libraries/libCoreFSCache.dylib
0x00000000360ea000 	/System/Library/PrivateFrameworks/IOAccelerator.framework/Versions/A/IOAccelerator
0x00000000360ea000 	/System/Library/Frameworks/CoreVideo.framework/Versions/A/CoreVideo
0x00000000360ea000 	/usr/lib/libFosl_dynamic.dylib
0x00000000360ea000 	/System/Library/PrivateFrameworks/MetalPerformanceShaders.framework/Versions/A/MetalPerformanceShaders
0x00000000360ea000 	/System/Library/PrivateFrameworks/FaceCore.framework/Versions/A/FaceCore
0x00000000360ea000 	/System/Library/Frameworks/OpenCL.framework/Versions/A/OpenCL
0x00000000360ea000 	/System/Library/Frameworks/OpenGL.framework/Versions/A/Libraries/libGLU.dylib
0x00000000360ea000 	/System/Library/Frameworks/OpenGL.framework/Versions/A/Libraries/libGFXShared.dylib
0x00000000360ea000 	/System/Library/Frameworks/OpenGL.framework/Versions/A/Libraries/libGL.dylib
0x00000000360ea000 	/System/Library/Frameworks/OpenGL.framework/Versions/A/Libraries/libGLImage.dylib
0x00000000360ea000 	/System/Library/Frameworks/OpenGL.framework/Versions/A/Libraries/libCVMSPluginSupport.dylib
0x00000000360ea000 	/System/Library/Frameworks/OpenGL.framework/Versions/A/Libraries/libCoreVMClient.dylib
0x00000000360ea000 	/System/Library/PrivateFrameworks/CrashReporterSupport.framework/Versions/A/CrashReporterSupport
0x00000000360ea000 	/System/Library/PrivateFrameworks/Sharing.framework/Versions/A/Sharing
0x00000000360ea000 	/System/Library/PrivateFrameworks/IconServices.framework/Versions/A/IconServices
0x00000000360ea000 	/System/Library/PrivateFrameworks/ProtocolBuffer.framework/Versions/A/ProtocolBuffer
0x00000000360ea000 	/System/Library/PrivateFrameworks/Apple80211.framework/Versions/A/Apple80211
0x00000000360ea000 	/System/Library/Frameworks/CoreWLAN.framework/Versions/A/CoreWLAN
0x00000000360ea000 	/System/Library/PrivateFrameworks/CoreUtils.framework/Versions/A/CoreUtils
0x00000000360ea000 	/System/Library/Frameworks/IOBluetooth.framework/Versions/A/IOBluetooth
0x00000000360ea000 	/System/Library/PrivateFrameworks/CoreWiFi.framework/Versions/A/CoreWiFi
0x00000000360ea000 	/System/Library/Frameworks/CoreBluetooth.framework/Versions/A/CoreBluetooth
0x00000000360ea000 	/System/Library/Frameworks/CoreDisplay.framework/Versions/A/CoreDisplay
0x00000000360ea000 	/System/Library/PrivateFrameworks/IOPresentment.framework/Versions/A/IOPresentment
0x00000000360ea000 	/System/Library/PrivateFrameworks/DebugSymbols.framework/Versions/A/DebugSymbols
0x00000000360ea000 	/System/Library/PrivateFrameworks/CoreSymbolication.framework/Versions/A/CoreSymbolication
0x00000000360ea000 	/System/Library/PrivateFrameworks/Symbolication.framework/Versions/A/Symbolication
0x00000000360ea000 	/System/Library/PrivateFrameworks/AppleFSCompression.framework/Versions/A/AppleFSCompression
0x00000000360ea000 	/System/Library/PrivateFrameworks/SpeechRecognitionCore.framework/Versions/A/SpeechRecognitionCore
0x00000000360ea000 	/System/Library/PrivateFrameworks/ChunkingLibrary.framework/Versions/A/ChunkingLibrary
0x0000000100309000 	/Users/Saurabh/Downloads/Eclipse.app/Contents/Eclipse/plugins/org.eclipse.equinox.launcher.cocoa.macosx.x86_64_1.1.300.v20150602-1417/eclipse_1611.so
0x00000000360ea000 	/System/Library/PrivateFrameworks/CoreServicesInternal.framework/Versions/A/CoreServicesInternal
0x000000010034a000 	/Library/Java/JavaVirtualMachines/jdk1.8.0_77.jdk/Contents/MacOS/libjli.dylib
0x0000000104b61000 	/Library/Java/JavaVirtualMachines/jdk1.8.0_77.jdk/Contents/Home/jre//lib/server/libjvm.dylib
0x00000000360ea000 	/usr/lib/libstdc++.6.dylib
0x000000010035a000 	/Library/Java/JavaVirtualMachines/jdk1.8.0_77.jdk/Contents/Home/jre/lib/libverify.dylib
0x0000000100368000 	/Library/Java/JavaVirtualMachines/jdk1.8.0_77.jdk/Contents/Home/jre/lib/libjava.dylib
0x00000001003a6000 	/Library/Java/JavaVirtualMachines/jdk1.8.0_77.jdk/Contents/Home/jre/lib/libzip.dylib
0x00000001033de000 	/System/Library/Frameworks/JavaVM.framework/Frameworks/JavaRuntimeSupport.framework/JavaRuntimeSupport
0x00000001033f8000 	/System/Library/Frameworks/JavaVM.framework/Versions/A/Frameworks/JavaNativeFoundation.framework/Versions/A/JavaNativeFoundation
0x00000001003ec000 	/System/Library/Frameworks/JavaVM.framework/Versions/A/JavaVM
0x00000000360ea000 	/System/Library/Frameworks/Carbon.framework/Versions/A/Carbon
0x00000001007f1000 	/System/Library/PrivateFrameworks/JavaLaunching.framework/Versions/A/JavaLaunching
0x00000000360ea000 	/System/Library/Frameworks/Carbon.framework/Versions/A/Frameworks/CommonPanels.framework/Versions/A/CommonPanels
0x00000000360ea000 	/System/Library/Frameworks/Carbon.framework/Versions/A/Frameworks/Help.framework/Versions/A/Help
0x00000000360ea000 	/System/Library/Frameworks/Carbon.framework/Versions/A/Frameworks/ImageCapture.framework/Versions/A/ImageCapture
0x00000000360ea000 	/System/Library/Frameworks/Carbon.framework/Versions/A/Frameworks/OpenScripting.framework/Versions/A/OpenScripting
0x00000000360ea000 	/System/Library/Frameworks/Carbon.framework/Versions/A/Frameworks/Print.framework/Versions/A/Print
0x00000000360ea000 	/System/Library/Frameworks/Carbon.framework/Versions/A/Frameworks/SecurityHI.framework/Versions/A/SecurityHI
0x00000000360ea000 	/System/Library/CoreServices/RawCamera.bundle/Contents/MacOS/RawCamera
0x00000000360ea000 	/System/Library/Frameworks/Accelerate.framework/Versions/A/Frameworks/vImage.framework/Versions/A/Libraries/libCGInterfaces.dylib
0x00000000360ea000 	/System/Library/PrivateFrameworks/FamilyControls.framework/Versions/A/FamilyControls
0x00000000360ea000 	/System/Library/PrivateFrameworks/CommerceKit.framework/Versions/A/Frameworks/CommerceCore.framework/Versions/A/CommerceCore
0x00000000360ea000 	/System/Library/PrivateFrameworks/SystemAdministration.framework/Versions/A/SystemAdministration
0x00000000360ea000 	/System/Library/PrivateFrameworks/AppContainer.framework/Versions/A/AppContainer
0x00000000360ea000 	/System/Library/PrivateFrameworks/SecCodeWrapper.framework/Versions/A/SecCodeWrapper
0x00000000360ea000 	/System/Library/Frameworks/DirectoryService.framework/Versions/A/DirectoryService
0x00000000360ea000 	/System/Library/PrivateFrameworks/DiskImages.framework/Versions/A/DiskImages
0x00000000360ea000 	/System/Library/PrivateFrameworks/LoginUIKit.framework/Versions/A/Frameworks/LoginUICore.framework/Versions/A/LoginUICore
0x00000000360ea000 	/usr/lib/libCoreStorage.dylib
0x00000000360ea000 	/usr/lib/libcsfde.dylib
0x00000000360ea000 	/usr/lib/libodfde.dylib
0x00000000360ea000 	/System/Library/Frameworks/DiscRecording.framework/Versions/A/DiscRecording
0x00000000360ea000 	/usr/lib/libcurl.4.dylib
0x00000000360ea000 	/System/Library/PrivateFrameworks/MediaKit.framework/Versions/A/MediaKit
0x00000000360ea000 	/System/Library/PrivateFrameworks/ProtectedCloudStorage.framework/Versions/A/ProtectedCloudStorage
0x00000000360ea000 	/System/Library/PrivateFrameworks/EFILogin.framework/Versions/A/EFILogin
0x00000000360ea000 	/usr/lib/libutil.dylib
0x00000000360ea000 	/System/Library/Frameworks/LDAP.framework/Versions/A/LDAP
0x00000000360ea000 	/usr/lib/libsasl2.2.dylib
0x00000000360ea000 	/System/Library/PrivateFrameworks/CoreDaemon.framework/Versions/B/CoreDaemon
0x00000000360ea000 	/System/Library/PrivateFrameworks/AppleSRP.framework/Versions/A/AppleSRP
0x00000000360ea000 	/System/Library/PrivateFrameworks/APFS.framework/Versions/A/APFS
0x00000000360ea000 	/System/Library/Frameworks/ApplicationServices.framework/Versions/A/Frameworks/ATS.framework/Versions/A/Resources/libTrueTypeScaler.dylib
0x00000000360ea000 	/System/Library/Frameworks/OpenGL.framework/Versions/A/Resources/GLEngine.bundle/GLEngine
0x00000000360ea000 	/System/Library/Frameworks/OpenGL.framework/Versions/A/Libraries/libGLProgrammability.dylib
0x000000011c800000 	/System/Library/Extensions/AppleIntelBDWGraphicsGLDriver.bundle/Contents/MacOS/AppleIntelBDWGraphicsGLDriver
0x00000000360ea000 	/System/Library/PrivateFrameworks/GPUSupport.framework/Versions/A/Libraries/libGPUSupportMercury.dylib
0x00000000360ea000 	/System/Library/Frameworks/OpenGL.framework/Versions/A/Resources/GLRendererFloat.bundle/GLRendererFloat
0x00000000360ea000 	/System/Library/Frameworks/OpenCL.framework/Versions/A/Libraries/libcldcpuengine.dylib
0x00000000360ea000 	/usr/lib/libcrypto.0.9.8.dylib
0x00000000360ea000 	/System/Library/PrivateFrameworks/TrustEvaluationAgent.framework/Versions/A/TrustEvaluationAgent
0x000000011ba00000 	/System/Library/Extensions/AppleIntelBDWGraphicsMTLDriver.bundle/Contents/MacOS/AppleIntelBDWGraphicsMTLDriver
0x000000011b459000 	/Library/Java/JavaVirtualMachines/jdk1.8.0_77.jdk/Contents/Home/jre/lib/libnet.dylib
0x000000011b470000 	/Library/Java/JavaVirtualMachines/jdk1.8.0_77.jdk/Contents/Home/jre/lib/libnio.dylib
0x000000011b6b3000 	/Users/Saurabh/Downloads/Eclipse.app/Contents/Eclipse/configuration/org.eclipse.osgi/403/0/.cp/libswt-cocoa-4530.jnilib
0x00000000360ea000 	/System/Library/Frameworks/WebKit.framework/Versions/A/WebKit
0x00000000360ea000 	/System/Library/Frameworks/JavaScriptCore.framework/Versions/A/JavaScriptCore
0x00000000360ea000 	/System/Library/Frameworks/SecurityInterface.framework/Versions/A/SecurityInterface
0x00000000360ea000 	/System/Library/Frameworks/WebKit.framework/Versions/A/Frameworks/WebKitLegacy.framework/Versions/A/WebKitLegacy
0x00000000360ea000 	/System/Library/Frameworks/WebKit.framework/Versions/A/Frameworks/WebCore.framework/Versions/A/WebCore
0x000000011d17a000 	/Users/Saurabh/Downloads/Eclipse.app/Contents/Eclipse/configuration/org.eclipse.osgi/403/0/.cp/libswt-pi-cocoa-4530.jnilib
0x00000000360ea000 	/System/Library/PrivateFrameworks/CloudDocs.framework/Versions/A/CloudDocs
0x00000000360ea000 	/System/Library/Frameworks/CloudKit.framework/Versions/A/CloudKit
0x00000000360ea000 	/System/Library/PrivateFrameworks/MMCS.framework/Versions/A/MMCS
0x00000000360ea000 	/System/Library/Frameworks/CoreLocation.framework/Versions/A/CoreLocation
0x00000000360ea000 	/System/Library/PrivateFrameworks/AssetCacheServices.framework/Versions/A/AssetCacheServices
0x00000000360ea000 	/System/Library/PrivateFrameworks/GeoServices.framework/Versions/A/GeoServices
0x000000011bd99000 	/System/Library/PrivateFrameworks/CoreNLP.framework/Versions/A/CoreNLP
0x00000000360ea000 	/System/Library/PrivateFrameworks/DataDetectors.framework/Versions/A/DataDetectors
0x00000000360ea000 	/System/Library/Frameworks/AddressBook.framework/Versions/A/AddressBook
0x00000000360ea000 	/System/Library/Frameworks/Quartz.framework/Versions/A/Quartz
0x00000000360ea000 	/System/Library/PrivateFrameworks/ContactsPersistence.framework/Versions/A/ContactsPersistence
0x00000000360ea000 	/System/Library/PrivateFrameworks/CalendarAgentLink.framework/Versions/A/CalendarAgentLink
0x00000000360ea000 	/System/Library/PrivateFrameworks/ContactsFoundation.framework/Versions/A/ContactsFoundation
0x00000000360ea000 	/System/Library/PrivateFrameworks/vCard.framework/Versions/A/vCard
0x00000000360ea000 	/System/Library/PrivateFrameworks/IntlPreferences.framework/Versions/A/IntlPreferences
0x00000000360ea000 	/System/Library/PrivateFrameworks/ToneLibrary.framework/Versions/A/ToneLibrary
0x00000000360ea000 	/System/Library/PrivateFrameworks/ToneKit.framework/Versions/A/ToneKit
0x00000000360ea000 	/System/Library/PrivateFrameworks/ApplePushService.framework/Versions/A/ApplePushService
0x00000000360ea000 	/System/Library/PrivateFrameworks/PhoneNumbers.framework/Versions/A/PhoneNumbers
0x00000000360ea000 	/System/Library/PrivateFrameworks/ViewBridge.framework/Versions/A/ViewBridge
0x00000000360ea000 	/System/Library/Frameworks/Accounts.framework/Versions/A/Accounts
0x00000000360ea000 	/System/Library/PrivateFrameworks/OAuth.framework/Versions/A/OAuth
0x00000000360ea000 	/System/Library/Frameworks/AVFoundation.framework/Versions/A/AVFoundation
0x00000000360ea000 	/System/Library/Frameworks/AVFoundation.framework/Versions/A/Frameworks/AVFAudio.framework/Versions/A/AVFAudio
0x00000000360ea000 	/System/Library/Frameworks/CoreMedia.framework/Versions/A/CoreMedia
0x00000000360ea000 	/System/Library/Frameworks/MediaToolbox.framework/Versions/A/MediaToolbox
0x00000000360ea000 	/System/Library/Frameworks/VideoToolbox.framework/Versions/A/VideoToolbox
0x00000000360ea000 	/System/Library/Frameworks/CoreMediaIO.framework/Versions/A/CoreMediaIO
0x00000000360ea000 	/usr/lib/libspindump.dylib
0x00000000360ea000 	/usr/lib/libdscsym.dylib
0x00000000360ea000 	/System/Library/PrivateFrameworks/CoreAVCHD.framework/Versions/A/CoreAVCHD
0x00000000360ea000 	/System/Library/Frameworks/MediaAccessibility.framework/Versions/A/MediaAccessibility
0x00000000360ea000 	/System/Library/PrivateFrameworks/Mangrove.framework/Versions/A/Mangrove
0x00000000360ea000 	/System/Library/PrivateFrameworks/CoreAUC.framework/Versions/A/CoreAUC
0x00000000360ea000 	/System/Library/PrivateFrameworks/AppleVA.framework/Versions/A/AppleVA
0x00000000360ea000 	/System/Library/PrivateFrameworks/XPCService.framework/Versions/A/XPCService
0x00000000360ea000 	/System/Library/PrivateFrameworks/AppSandbox.framework/Versions/A/AppSandbox
0x00000000360ea000 	/usr/lib/libsandbox.1.dylib
0x00000000360ea000 	/usr/lib/libMatch.1.dylib
0x00000000360ea000 	/System/Library/Frameworks/Quartz.framework/Versions/A/Frameworks/QuartzComposer.framework/Versions/A/QuartzComposer
0x00000000360ea000 	/System/Library/Frameworks/Quartz.framework/Versions/A/Frameworks/PDFKit.framework/Versions/A/PDFKit
0x00000000360ea000 	/System/Library/Frameworks/Quartz.framework/Versions/A/Frameworks/QuartzFilters.framework/Versions/A/QuartzFilters
0x00000000360ea000 	/System/Library/Frameworks/Quartz.framework/Versions/A/Frameworks/ImageKit.framework/Versions/A/ImageKit
0x00000000360ea000 	/System/Library/Frameworks/Quartz.framework/Versions/A/Frameworks/QuickLookUI.framework/Versions/A/QuickLookUI
0x00000000360ea000 	/System/Library/Frameworks/QTKit.framework/Versions/A/QTKit
0x00000000360ea000 	/System/Library/PrivateFrameworks/AppleSystemInfo.framework/Versions/A/AppleSystemInfo
0x00000000360ea000 	/System/Library/PrivateFrameworks/CoreMediaAuthoring.framework/Versions/A/CoreMediaAuthoring
0x00000000360ea000 	/System/Library/PrivateFrameworks/CorePDF.framework/Versions/A/CorePDF
0x00000000360ea000 	/System/Library/Frameworks/SafariServices.framework/Versions/A/SafariServices
0x00000000360ea000 	/System/Library/Frameworks/QuickLook.framework/Versions/A/QuickLook
0x00000000360ea000 	/System/Library/PrivateFrameworks/MobileKeyBag.framework/Versions/A/MobileKeyBag
0x00000000360ea000 	/System/Library/PrivateFrameworks/QuickLookThumbnailing.framework/Versions/A/QuickLookThumbnailing
0x00000000360ea000 	/System/Library/PrivateFrameworks/DisplayServices.framework/Versions/A/DisplayServices
0x00000000360ea000 	/System/Library/Frameworks/ImageCaptureCore.framework/Versions/A/ImageCaptureCore
0x0000000109a92000 	/Users/Saurabh/Downloads/Eclipse.app/Contents/Eclipse/configuration/org.eclipse.osgi/102/0/.cp/os/macosx/libunixfile_1_0_0.jnilib
0x000000011be4c000 	/Library/Java/JavaVirtualMachines/jdk1.8.0_77.jdk/Contents/Home/jre/lib/libsunec.dylib
0x000000011b76f000 	cl_kernels
0x00000000360ea000 	/System/Library/Frameworks/OpenCL.framework/Versions/A/Libraries/ImageFormats/unorm8_bgra.dylib
0x0000000109a88000 	cl_kernels
0x0000000109aef000 	/Users/Saurabh/Downloads/Eclipse.app/Contents/Eclipse/configuration/org.eclipse.osgi/500/0/.cp/os/macosx/x86_64/libspawner.jnilib
0x00000000360ea000 	/System/Library/PrivateFrameworks/Shortcut.framework/Versions/A/Shortcut
0x00000000360ea000 	/System/Library/PrivateFrameworks/HelpData.framework/Versions/A/HelpData
0x0000000109ac0000 	/Users/Saurabh/Downloads/Eclipse.app/Contents/Eclipse/configuration/org.eclipse.osgi/500/0/.cp/os/macosx/x86_64/libpty.jnilib
0x00000000360ea000 	/System/Library/PrivateFrameworks/FinderKit.framework/Versions/A/FinderKit
0x00000000360ea000 	/System/Library/PrivateFrameworks/Bom.framework/Versions/A/Bom
0x00000000360ea000 	/System/Library/PrivateFrameworks/Suggestions.framework/Versions/A/Suggestions
0x00000000360ea000 	/System/Library/PrivateFrameworks/CacheDelete.framework/Versions/A/CacheDelete
0x00000000360ea000 	/System/Library/PrivateFrameworks/PlugInKit.framework/Versions/A/PlugInKit
0x00000000360ea000 	/System/Library/PrivateFrameworks/iLifeMediaBrowser.framework/Versions/A/iLifeMediaBrowser
0x00000000360ea000 	/System/Library/Frameworks/AVKit.framework/Versions/A/AVKit
0x00000000360ea000 	/System/Library/PrivateFrameworks/MediaRemote.framework/Versions/A/MediaRemote
0x00000000360ea000 	/System/Library/PrivateFrameworks/MediaServices.framework/Versions/A/MediaServices
0x0000000126409000 	/System/Library/Frameworks/Quartz.framework/Versions/A/Frameworks/QuickLookUI.framework/Versions/A/PlugIns/Generic.qldisplay/Contents/MacOS/Generic

VM Arguments:
jvm_args: -Dosgi.requiredJavaVersion=1.7 -XstartOnFirstThread -Dorg.eclipse.swt.internal.carbon.smallFonts -XX:MaxPermSize=256m -Xms256m -Xmx1024m -Xdock:icon=../Resources/Eclipse.icns -XstartOnFirstThread -Dorg.eclipse.swt.internal.carbon.smallFonts 
java_command: <unknown>
java_class_path (initial): /Users/Saurabh/Downloads/Eclipse.app/Contents/MacOS//../Eclipse/plugins/org.eclipse.equinox.launcher_1.3.100.v20150511-1540.jar
Launcher Type: generic

Environment Variables:
PATH=/usr/bin:/bin:/usr/sbin:/sbin
SHELL=/bin/bash

Signal Handlers:
SIGSEGV: [libjvm.dylib+0x5a6855], sa_mask[0]=11111111011111110111111111111111, sa_flags=SA_ONSTACK|SA_RESTART|SA_SIGINFO
SIGBUS: [libjvm.dylib+0x5a6855], sa_mask[0]=11111111011111110111111111111111, sa_flags=SA_RESTART|SA_SIGINFO
SIGFPE: [libjvm.dylib+0x4804ec], sa_mask[0]=11111111011111110111111111111111, sa_flags=SA_RESTART|SA_SIGINFO
SIGPIPE: [libjvm.dylib+0x4804ec], sa_mask[0]=11111111011111110111111111111111, sa_flags=SA_RESTART|SA_SIGINFO
SIGXFSZ: [libjvm.dylib+0x4804ec], sa_mask[0]=11111111011111110111111111111111, sa_flags=SA_RESTART|SA_SIGINFO
SIGILL: [libjvm.dylib+0x4804ec], sa_mask[0]=11111111011111110111111111111111, sa_flags=SA_RESTART|SA_SIGINFO
SIGUSR1: SIG_DFL, sa_mask[0]=00000000000000000000000000000000, sa_flags=none
SIGUSR2: [libjvm.dylib+0x48000a], sa_mask[0]=00000000000000000000000000000000, sa_flags=SA_RESTART|SA_SIGINFO
SIGHUP: [libjvm.dylib+0x47e5e1], sa_mask[0]=11111111011111110111111111111111, sa_flags=SA_RESTART|SA_SIGINFO
SIGINT: [libjvm.dylib+0x47e5e1], sa_mask[0]=11111111011111110111111111111111, sa_flags=SA_RESTART|SA_SIGINFO
SIGTERM: [libjvm.dylib+0x47e5e1], sa_mask[0]=11111111011111110111111111111111, sa_flags=SA_RESTART|SA_SIGINFO
SIGQUIT: [libjvm.dylib+0x47e5e1], sa_mask[0]=11111111011111110111111111111111, sa_flags=SA_RESTART|SA_SIGINFO


---------------  S Y S T E M  ---------------

OS:Bsduname:Darwin 16.1.0 Darwin Kernel Version 16.1.0: Thu Oct 13 21:26:57 PDT 2016; root:xnu-3789.21.3~60/RELEASE_X86_64 x86_64
rlimit: STACK 8192k, CORE 0k, NPROC 709, NOFILE 10240, AS infinity
load average:1.48 1.69 1.74

CPU:total 4 (2 cores per cpu, 2 threads per core) family 6 model 61 stepping 4, cmov, cx8, fxsr, mmx, sse, sse2, sse3, ssse3, sse4.1, sse4.2, popcnt, avx, avx2, aes, clmul, erms, rtm, 3dnowpref, lzcnt, ht, tsc, tscinvbit, bmi1, bmi2, adx

Memory: 4k page, physical 8388608k(1657436k free)

/proc/meminfo:


vm_info: Java HotSpot(TM) 64-Bit Server VM (25.77-b03) for bsd-amd64 JRE (1.8.0_77-b03), built on Mar 20 2016 22:14:03 by "java_re" with gcc 4.2.1 (Based on Apple Inc. build 5658) (LLVM build 2336.11.00)

time: Tue Nov 22 00:32:37 2016
elapsed time: 153050 seconds (1d 18h 30m 50s)

